[    0.000000] Linux version 4.15.0-144-generic (buildd@lgw01-amd64-031) (gcc version 7.5.0 (Ubuntu 7.5.0-3ubuntu1~18.04)) #148-Ubuntu SMP Sat May 8 02:33:43 UTC 2021 (Ubuntu 4.15.0-144.148-generic 4.15.18)
[    0.000000] Command line: BOOT_IMAGE=/boot/vmlinuz-4.15.0-144-generic root=LABEL=cloudimg-rootfs ro console=tty1 console=ttyS0
[    0.000000] KERNEL supported cpus:
[    0.000000]   Intel GenuineIntel
[    0.000000]   AMD AuthenticAMD
[    0.000000]   Centaur CentaurHauls
[    0.000000] x86/fpu: Supporting XSAVE feature 0x001: 'x87 floating point registers'
[    0.000000] x86/fpu: Supporting XSAVE feature 0x002: 'SSE registers'
[    0.000000] x86/fpu: Supporting XSAVE feature 0x004: 'AVX registers'
[    0.000000] x86/fpu: xstate_offset[2]:  576, xstate_sizes[2]:  256
[    0.000000] x86/fpu: Enabled xstate features 0x7, context size is 832 bytes, using 'standard' format.
[    0.000000] e820: BIOS-provided physical RAM map:
[    0.000000] BIOS-e820: [mem 0x0000000000000000-0x000000000009fbff] usable
[    0.000000] BIOS-e820: [mem 0x000000000009fc00-0x000000000009ffff] reserved
[    0.000000] BIOS-e820: [mem 0x00000000000f0000-0x00000000000fffff] reserved
[    0.000000] BIOS-e820: [mem 0x0000000000100000-0x000000003ffeffff] usable
[    0.000000] BIOS-e820: [mem 0x000000003fff0000-0x000000003fffffff] ACPI data
[    0.000000] BIOS-e820: [mem 0x00000000fec00000-0x00000000fec00fff] reserved
[    0.000000] BIOS-e820: [mem 0x00000000fee00000-0x00000000fee00fff] reserved
[    0.000000] BIOS-e820: [mem 0x00000000fffc0000-0x00000000ffffffff] reserved
[    0.000000] NX (Execute Disable) protection: active
[    0.000000] SMBIOS 2.5 present.
[    0.000000] DMI: innotek GmbH VirtualBox/VirtualBox, BIOS VirtualBox 12/01/2006
[    0.000000] Hypervisor detected: KVM
[    0.000000] e820: last_pfn = 0x3fff0 max_arch_pfn = 0x400000000
[    0.000000] MTRR: Disabled
[    0.000000] x86/PAT: MTRRs disabled, skipping PAT initialization too.
[    0.000000] CPU MTRRs all blank - virtualized system.
[    0.000000] x86/PAT: Configuration [0-7]: WB  WT  UC- UC  WB  WT  UC- UC  
[    0.000000] found SMP MP-table at [mem 0x0009fff0-0x0009ffff]
[    0.000000] Scanning 1 areas for low memory corruption
[    0.000000] RAMDISK: [mem 0x359cf000-0x36cdefff]
[    0.000000] ACPI: Early table checksum verification disabled
[    0.000000] ACPI: RSDP 0x00000000000E0000 000024 (v02 VBOX  )
[    0.000000] ACPI: XSDT 0x000000003FFF0030 00003C (v01 VBOX   VBOXXSDT 00000001 ASL  00000061)
[    0.000000] ACPI: FACP 0x000000003FFF00F0 0000F4 (v04 VBOX   VBOXFACP 00000001 ASL  00000061)
[    0.000000] ACPI: DSDT 0x000000003FFF0470 002325 (v02 VBOX   VBOXBIOS 00000002 INTL 20120111)
[    0.000000] ACPI: FACS 0x000000003FFF0200 000040
[    0.000000] ACPI: FACS 0x000000003FFF0200 000040
[    0.000000] ACPI: APIC 0x000000003FFF0240 00005C (v02 VBOX   VBOXAPIC 00000001 ASL  00000061)
[    0.000000] ACPI: SSDT 0x000000003FFF02A0 0001CC (v01 VBOX   VBOXCPUT 00000002 INTL 20120111)
[    0.000000] No NUMA configuration found
[    0.000000] Faking a node at [mem 0x0000000000000000-0x000000003ffeffff]
[    0.000000] NODE_DATA(0) allocated [mem 0x3ffc5000-0x3ffeffff]
[    0.000000] kvm-clock: cpu 0, msr 0:3ff44001, primary cpu clock
[    0.000000] kvm-clock: Using msrs 4b564d01 and 4b564d00
[    0.000000] kvm-clock: using sched offset of 4710297044 cycles
[    0.000000] clocksource: kvm-clock: mask: 0xffffffffffffffff max_cycles: 0x1cd42e4dffb, max_idle_ns: 881590591483 ns
[    0.000000] Zone ranges:
[    0.000000]   DMA      [mem 0x0000000000001000-0x0000000000ffffff]
[    0.000000]   DMA32    [mem 0x0000000001000000-0x000000003ffeffff]
[    0.000000]   Normal   empty
[    0.000000]   Device   empty
[    0.000000] Movable zone start for each node
[    0.000000] Early memory node ranges
[    0.000000]   node   0: [mem 0x0000000000001000-0x000000000009efff]
[    0.000000]   node   0: [mem 0x0000000000100000-0x000000003ffeffff]
[    0.000000] Reserved but unavailable: 98 pages
[    0.000000] Initmem setup node 0 [mem 0x0000000000001000-0x000000003ffeffff]
[    0.000000] ACPI: PM-Timer IO Port: 0x4008
[    0.000000] IOAPIC[0]: apic_id 2, version 32, address 0xfec00000, GSI 0-23
[    0.000000] ACPI: INT_SRC_OVR (bus 0 bus_irq 0 global_irq 2 dfl dfl)
[    0.000000] ACPI: INT_SRC_OVR (bus 0 bus_irq 9 global_irq 9 low level)
[    0.000000] Using ACPI (MADT) for SMP configuration information
[    0.000000] smpboot: Allowing 2 CPUs, 0 hotplug CPUs
[    0.000000] PM: Registered nosave memory: [mem 0x00000000-0x00000fff]
[    0.000000] PM: Registered nosave memory: [mem 0x0009f000-0x0009ffff]
[    0.000000] PM: Registered nosave memory: [mem 0x000a0000-0x000effff]
[    0.000000] PM: Registered nosave memory: [mem 0x000f0000-0x000fffff]
[    0.000000] e820: [mem 0x40000000-0xfebfffff] available for PCI devices
[    0.000000] Booting paravirtualized kernel on KVM
[    0.000000] clocksource: refined-jiffies: mask: 0xffffffff max_cycles: 0xffffffff, max_idle_ns: 7645519600211568 ns
[    0.000000] random: get_random_bytes called from start_kernel+0x99/0x500 with crng_init=0
[    0.000000] setup_percpu: NR_CPUS:8192 nr_cpumask_bits:2 nr_cpu_ids:2 nr_node_ids:1
[    0.000000] percpu: Embedded 45 pages/cpu s147456 r8192 d28672 u1048576
[    0.000000] PV qspinlock hash table entries: 256 (order: 0, 4096 bytes)
[    0.000000] Built 1 zonelists, mobility grouping on.  Total pages: 257913
[    0.000000] Policy zone: DMA32
[    0.000000] Kernel command line: BOOT_IMAGE=/boot/vmlinuz-4.15.0-144-generic root=LABEL=cloudimg-rootfs ro console=tty1 console=ttyS0
[    0.000000] Memory: 982716K/1048120K available (12300K kernel code, 2483K rwdata, 4316K rodata, 2448K init, 2724K bss, 65404K reserved, 0K cma-reserved)
[    0.000000] SLUB: HWalign=64, Order=0-3, MinObjects=0, CPUs=2, Nodes=1
[    0.000000] Kernel/User page tables isolation: enabled
[    0.000000] ftrace: allocating 39453 entries in 155 pages
[    0.004000] Hierarchical RCU implementation.
[    0.004000] 	RCU restricting CPUs from NR_CPUS=8192 to nr_cpu_ids=2.
[    0.004000] 	Tasks RCU enabled.
[    0.004000] RCU: Adjusting geometry for rcu_fanout_leaf=16, nr_cpu_ids=2
[    0.004000] NR_IRQS: 524544, nr_irqs: 440, preallocated irqs: 16
[    0.004000] Console: colour VGA+ 80x25
[    0.004000] console [tty1] enabled
[    0.004000] console [ttyS0] enabled
[    0.004000] ACPI: Core revision 20170831
[    0.004000] ACPI: 2 ACPI AML tables successfully acquired and loaded
[    0.004000] APIC: Switch to symmetric I/O mode setup
[    0.004000] x2apic enabled
[    0.004000] Switched APIC routing to physical x2apic.
[    0.004000] ..TIMER: vector=0x30 apic1=0 pin1=2 apic2=-1 pin2=-1
[    0.004010] tsc: Detected 2303.998 MHz processor
[    0.008020] Calibrating delay loop (skipped) preset value.. 4607.99 BogoMIPS (lpj=9215992)
[    0.010426] pid_max: default: 32768 minimum: 301
[    0.011809] Security Framework initialized
[    0.012007] Yama: becoming mindful.
[    0.013309] AppArmor: AppArmor initialized
[    0.016165] Dentry cache hash table entries: 131072 (order: 8, 1048576 bytes)
[    0.020086] Inode-cache hash table entries: 65536 (order: 7, 524288 bytes)
[    0.022282] Mount-cache hash table entries: 2048 (order: 2, 16384 bytes)
[    0.024015] Mountpoint-cache hash table entries: 2048 (order: 2, 16384 bytes)
[    0.026255] Last level iTLB entries: 4KB 64, 2MB 8, 4MB 8
[    0.028003] Last level dTLB entries: 4KB 64, 2MB 0, 4MB 0, 1GB 4
[    0.029552] Spectre V1 : Mitigation: usercopy/swapgs barriers and __user pointer sanitization
[    0.032003] Spectre V2 : Mitigation: Full generic retpoline
[    0.033452] Spectre V2 : Spectre v2 / SpectreRSB mitigation: Filling RSB on context switch
[    0.036002] Speculative Store Bypass: Vulnerable
[    0.037367] SRBDS: Unknown: Dependent on hypervisor status
[    0.038959] MDS: Mitigation: Clear CPU buffers
[    0.040307] Freeing SMP alternatives memory: 36K
[    0.152710] smpboot: CPU0: Intel(R) Core(TM) i9-9880H CPU @ 2.30GHz (family: 0x6, model: 0x9e, stepping: 0xd)
[    0.155973] Performance Events: unsupported p6 CPU model 158 no PMU driver, software events only.
[    0.156052] Hierarchical SRCU implementation.
[    0.157909] NMI watchdog: Perf event create on CPU 0 failed with -2
[    0.160002] NMI watchdog: Perf NMI watchdog permanently disabled
[    0.161618] smp: Bringing up secondary CPUs ...
[    0.164089] x86: Booting SMP configuration:
[    0.165353] .... node  #0, CPUs:      #1
[    0.004000] kvm-clock: cpu 1, msr 0:3ff44041, secondary cpu clock
[    0.170404] smp: Brought up 1 node, 2 CPUs
[    0.170404] smpboot: Max logical packages: 1
[    0.172018] smpboot: Total of 2 processors activated (9215.99 BogoMIPS)
[    0.176358] devtmpfs: initialized
[    0.177158] x86/mm: Memory block size: 128MB
[    0.178907] evm: security.selinux
[    0.180011] evm: security.SMACK64
[    0.181064] evm: security.SMACK64EXEC
[    0.182155] evm: security.SMACK64TRANSMUTE
[    0.184004] evm: security.SMACK64MMAP
[    0.185041] evm: security.apparmor
[    0.185986] evm: security.ima
[    0.187048] evm: security.capability
[    0.188107] clocksource: jiffies: mask: 0xffffffff max_cycles: 0xffffffff, max_idle_ns: 7645041785100000 ns
[    0.190674] futex hash table entries: 512 (order: 3, 32768 bytes)
[    0.192063] pinctrl core: initialized pinctrl subsystem
[    0.194868] RTC time:  8:28:32, date: 06/28/21
[    0.196176] NET: Registered protocol family 16
[    0.197456] audit: initializing netlink subsys (disabled)
[    0.200009] audit: type=2000 audit(1624868917.993:1): state=initialized audit_enabled=0 res=1
[    0.202417] cpuidle: using governor ladder
[    0.202417] cpuidle: using governor menu
[    0.204104] ACPI: bus type PCI registered
[    0.205293] acpiphp: ACPI Hot Plug PCI Controller Driver version: 0.5
[    0.208066] PCI: Using configuration type 1 for base access
[    0.209749] HugeTLB registered 2.00 MiB page size, pre-allocated 0 pages
[    0.212196] ACPI: Added _OSI(Module Device)
[    0.216007] ACPI: Added _OSI(Processor Device)
[    0.217455] ACPI: Added _OSI(3.0 _SCP Extensions)
[    0.218872] ACPI: Added _OSI(Processor Aggregator Device)
[    0.220024] ACPI: Added _OSI(Linux-Dell-Video)
[    0.221586] ACPI: Added _OSI(Linux-Lenovo-NV-HDMI-Audio)
[    0.224007] ACPI: Added _OSI(Linux-HPI-Hybrid-Graphics)
[    0.226024] ACPI: Executed 1 blocks of module-level executable AML code
[    0.232729] ACPI: Interpreter enabled
[    0.234300] ACPI: (supports S0 S5)
[    0.235485] ACPI: Using IOAPIC for interrupt routing
[    0.236311] PCI: Using host bridge windows from ACPI; if necessary, use "pci=nocrs" and report a bug
[    0.240270] ACPI: Enabled 2 GPEs in block 00 to 07
[    0.250763] ACPI: PCI Root Bridge [PCI0] (domain 0000 [bus 00-ff])
[    0.252010] acpi PNP0A03:00: _OSC: OS supports [ASPM ClockPM Segments MSI]
[    0.256042] acpi PNP0A03:00: _OSC: not requesting OS control; OS requires [ExtendedConfig ASPM ClockPM MSI]
[    0.258827] acpi PNP0A03:00: fail to add MMCONFIG information, can't access extended PCI configuration space under this bridge.
[    0.260684] PCI host bridge to bus 0000:00
[    0.261836] pci_bus 0000:00: root bus resource [io  0x0000-0x0cf7 window]
[    0.264005] pci_bus 0000:00: root bus resource [io  0x0d00-0xffff window]
[    0.266135] pci_bus 0000:00: root bus resource [mem 0x000a0000-0x000bffff window]
[    0.268007] pci_bus 0000:00: root bus resource [mem 0x40000000-0xfdffffff window]
[    0.270253] pci_bus 0000:00: root bus resource [bus 00-ff]
[    0.277773] pci 0000:00:01.1: legacy IDE quirk: reg 0x10: [io  0x01f0-0x01f7]
[    0.279996] pci 0000:00:01.1: legacy IDE quirk: reg 0x14: [io  0x03f6]
[    0.280012] pci 0000:00:01.1: legacy IDE quirk: reg 0x18: [io  0x0170-0x0177]
[    0.284005] pci 0000:00:01.1: legacy IDE quirk: reg 0x1c: [io  0x0376]
[    0.304908] pci 0000:00:07.0: quirk: [io  0x4000-0x403f] claimed by PIIX4 ACPI
[    0.307076] pci 0000:00:07.0: quirk: [io  0x4100-0x410f] claimed by PIIX4 SMB
[    0.321412] ACPI: PCI Interrupt Link [LNKA] (IRQs 5 9 10 *11)
[    0.324233] ACPI: PCI Interrupt Link [LNKB] (IRQs 5 9 *10 11)
[    0.326397] ACPI: PCI Interrupt Link [LNKC] (IRQs 5 *9 10 11)
[    0.328197] ACPI: PCI Interrupt Link [LNKD] (IRQs 5 9 10 *11)
[    0.330611] SCSI subsystem initialized
[    0.332068] pci 0000:00:02.0: vgaarb: setting as boot VGA device
[    0.333836] pci 0000:00:02.0: vgaarb: VGA device added: decodes=io+mem,owns=io+mem,locks=none
[    0.336009] pci 0000:00:02.0: vgaarb: bridge control possible
[    0.337753] vgaarb: loaded
[    0.338583] ACPI: bus type USB registered
[    0.340034] usbcore: registered new interface driver usbfs
[    0.341775] usbcore: registered new interface driver hub
[    0.343331] usbcore: registered new device driver usb
[    0.344092] EDAC MC: Ver: 3.0.0
[    0.345629] PCI: Using ACPI for IRQ routing
[    0.348481] NetLabel: Initializing
[    0.349613] NetLabel:  domain hash size = 128
[    0.352003] NetLabel:  protocols = UNLABELED CIPSOv4 CALIPSO
[    0.353685] NetLabel:  unlabeled traffic allowed by default
[    0.356095] clocksource: Switched to clocksource kvm-clock
[    0.374573] VFS: Disk quotas dquot_6.6.0
[    0.375736] VFS: Dquot-cache hash table entries: 512 (order 0, 4096 bytes)
[    0.378085] AppArmor: AppArmor Filesystem Enabled
[    0.379631] pnp: PnP ACPI init
[    0.382725] pnp: PnP ACPI: found 3 devices
[    0.393206] clocksource: acpi_pm: mask: 0xffffff max_cycles: 0xffffff, max_idle_ns: 2085701024 ns
[    0.395689] NET: Registered protocol family 2
[    0.397080] TCP established hash table entries: 8192 (order: 4, 65536 bytes)
[    0.399002] TCP bind hash table entries: 8192 (order: 5, 131072 bytes)
[    0.402073] TCP: Hash tables configured (established 8192 bind 8192)
[    0.404168] UDP hash table entries: 512 (order: 2, 16384 bytes)
[    0.406281] UDP-Lite hash table entries: 512 (order: 2, 16384 bytes)
[    0.408043] NET: Registered protocol family 1
[    0.409369] pci 0000:00:00.0: Limiting direct PCI/PCI transfers
[    0.411211] pci 0000:00:01.0: Activating ISA DMA hang workarounds
[    0.413282] pci 0000:00:02.0: Video device with shadowed ROM at [mem 0x000c0000-0x000dffff]
[    0.416389] Unpacking initramfs...
[    0.810919] Freeing initrd memory: 19520K
[    0.812852] clocksource: tsc: mask: 0xffffffffffffffff max_cycles: 0x2135f5e6f15, max_idle_ns: 440795231538 ns
[    0.817086] platform rtc_cmos: registered platform RTC device (no PNP device found)
[    0.820287] Scanning for low memory corruption every 60 seconds
[    0.824508] Initialise system trusted keyrings
[    0.826165] Key type blacklist registered
[    0.827641] workingset: timestamp_bits=36 max_order=18 bucket_order=0
[    0.830700] zbud: loaded
[    0.832259] squashfs: version 4.0 (2009/01/31) Phillip Lougher
[    0.834444] fuse init (API version 7.26)
[    0.840230] Key type asymmetric registered
[    0.841422] Asymmetric key parser 'x509' registered
[    0.842918] Block layer SCSI generic (bsg) driver version 0.4 loaded (major 246)
[    0.845362] io scheduler noop registered
[    0.846615] io scheduler deadline registered
[    0.848204] io scheduler cfq registered (default)
[    0.850277] ACPI: AC Adapter [AC] (on-line)
[    0.851552] input: Power Button as /devices/LNXSYSTM:00/LNXPWRBN:00/input/input0
[    0.854978] ACPI: Power Button [PWRF]
[    0.856356] input: Sleep Button as /devices/LNXSYSTM:00/LNXSLPBN:00/input/input1
[    0.858513] ACPI: Sleep Button [SLPF]
[    0.861441] ACPI: Battery Slot [BAT0] (battery present)
[    0.862992] Serial: 8250/16550 driver, 32 ports, IRQ sharing enabled
[    0.886637] 00:02: ttyS0 at I/O 0x3f8 (irq = 4, base_baud = 115200) is a 16550A
[    0.892643] Linux agpgart interface v0.103
[    0.895330] loop: module loaded
[    0.896829] scsi host0: ata_piix
[    0.897893] scsi host1: ata_piix
[    0.898996] ata1: PATA max UDMA/33 cmd 0x1f0 ctl 0x3f6 bmdma 0xd000 irq 14
[    0.900863] ata2: PATA max UDMA/33 cmd 0x170 ctl 0x376 bmdma 0xd008 irq 15
[    0.902891] libphy: Fixed MDIO Bus: probed
[    0.904286] tun: Universal TUN/TAP device driver, 1.6
[    0.906023] PPP generic driver version 2.4.2
[    0.907448] ehci_hcd: USB 2.0 'Enhanced' Host Controller (EHCI) Driver
[    0.909294] ehci-pci: EHCI PCI platform driver
[    0.910673] ehci-platform: EHCI generic platform driver
[    0.912174] ohci_hcd: USB 1.1 'Open' Host Controller (OHCI) Driver
[    0.914370] ohci-pci: OHCI PCI platform driver
[    0.916079] ohci-platform: OHCI generic platform driver
[    0.918023] uhci_hcd: USB Universal Host Controller Interface driver
[    0.920427] i8042: PNP: PS/2 Controller [PNP0303:PS2K,PNP0f03:PS2M] at 0x60,0x64 irq 1,12
[    0.924558] serio: i8042 KBD port at 0x60,0x64 irq 1
[    0.925973] serio: i8042 AUX port at 0x60,0x64 irq 12
[    0.927597] mousedev: PS/2 mouse device common for all mice
[    0.930050] input: AT Translated Set 2 keyboard as /devices/platform/i8042/serio0/input/input2
[    0.932301] rtc_cmos rtc_cmos: rtc core: registered rtc_cmos as rtc0
[    0.934154] rtc_cmos rtc_cmos: alarms up to one day, 114 bytes nvram
[    0.935759] i2c /dev entries driver
[    0.936883] device-mapper: uevent: version 1.0.3
[    0.938305] device-mapper: ioctl: 4.37.0-ioctl (2017-09-20) initialised: dm-devel@redhat.com
[    0.940740] ledtrig-cpu: registered to indicate activity on CPUs
[    0.942929] NET: Registered protocol family 10
[    0.949614] Segment Routing with IPv6
[    0.950707] NET: Registered protocol family 17
[    0.952004] Key type dns_resolver registered
[    0.953398] mce: Using 0 MCE banks
[    0.954770] RAS: Correctable Errors collector initialized.
[    0.956232] sched_clock: Marking stable (953307896, 0)->(1175875033, -222567137)
[    0.958703] registered taskstats version 1
[    0.959795] Loading compiled-in X.509 certificates
[    0.963442] Loaded X.509 cert 'Build time autogenerated kernel key: 1e5516648b223d94d04ce7d99e6048c9b3ebcb77'
[    0.966830] Loaded X.509 cert 'Canonical Ltd. Live Patch Signing: 14df34d1a87cf37625abec039ef2bf521249b969'
[    0.970112] Loaded X.509 cert 'Canonical Ltd. Kernel Module Signing: 88f752e560a1e0737e31163a466ad7b70a850c19'
[    0.973146] zswap: loaded using pool lzo/zbud
[    0.979501] Key type big_key registered
[    0.980835] Key type trusted registered
[    0.984467] Key type encrypted registered
[    0.985563] AppArmor: AppArmor sha1 policy hashing enabled
[    0.987116] ima: No TPM chip found, activating TPM-bypass! (rc=-19)
[    0.989258] ima: Allocated hash algorithm: sha1
[    0.990754] evm: HMAC attrs: 0x1
[    0.992278]   Magic number: 9:876:473
[    0.993480] rtc_cmos rtc_cmos: setting system clock to 2021-06-28 08:28:32 UTC (1624868912)
[    0.996078] BIOS EDD facility v0.16 2004-Jun-25, 0 devices found
[    0.997591] EDD information not available.
[    1.097080] Freeing unused kernel image memory: 2448K
[    1.108061] Write protecting the kernel read-only data: 20480k
[    1.110596] Freeing unused kernel image memory: 2008K
[    1.112956] Freeing unused kernel image memory: 1828K
[    1.125868] x86/mm: Checked W+X mappings: passed, no W+X pages found.
[    1.127972] x86/mm: Checking user space page tables
[    1.139281] x86/mm: Checked W+X mappings: passed, no W+X pages found.
Loading, please wait...
starting version 237
[    1.226623] e1000: Intel(R) PRO/1000 Network Driver - version 7.3.21-k8-NAPI
[    1.229048] e1000: Copyright (c) 1999-2006 Intel Corporation.
[    1.230898] Fusion MPT base driver 3.04.20
[    1.232158] Copyright (c) 1999-2008 LSI Corporation
[    1.244307] Fusion MPT SPI Host driver 3.04.20
[    1.258915] AVX2 version of gcm_enc/dec engaged.
[    1.260318] AES CTR mode by8 optimization enabled
[    1.445729] input: ImExPS/2 Generic Explorer Mouse as /devices/platform/i8042/serio1/input/input4
[    1.689237] e1000 0000:00:03.0 eth0: (PCI:33MHz:32-bit) 02:98:b0:9b:6c:78
[    1.691488] e1000 0000:00:03.0 eth0: Intel(R) PRO/1000 Network Connection
[    1.694549] mptbase: ioc0: Initiating bringup
[    1.694999] e1000 0000:00:03.0 enp0s3: renamed from eth0
[    1.852518] ioc0: LSI53C1030 A0: Capabilities={Initiator}
[    4.307472] scsi host2: ioc0: LSI53C1030 A0, FwRev=00000000h, Ports=1, MaxQ=256, IRQ=20
[    5.452408] scsi 2:0:0:0: Direct-Access     VBOX     HARDDISK         1.0  PQ: 0 ANSI: 5
[    6.117648] scsi target2:0:0: Beginning Domain Validation
[    6.120393] scsi target2:0:0: Domain Validation skipping write tests
[    6.122783] scsi target2:0:0: Ending Domain Validation
[    6.124714] scsi target2:0:0: asynchronous
[    6.126708] scsi 2:0:1:0: Direct-Access     VBOX     HARDDISK         1.0  PQ: 0 ANSI: 5
[    7.408258] scsi target2:0:1: Beginning Domain Validation
[    7.418573] random: fast init done
[    7.420023] scsi target2:0:1: Domain Validation skipping write tests
[    7.421601] scsi target2:0:1: Ending Domain Validation
[    7.422969] scsi target2:0:1: asynchronous
[    7.429188] random: systemd-udevd: uninitialized urandom read (16 bytes read)
[    7.429336] sd 2:0:0:0: Attached scsi generic sg0 type 0
[    7.431394] random: systemd-udevd: uninitialized urandom read (16 bytes read)
[    7.431399] random: systemd-udevd: uninitialized urandom read (16 bytes read)
[    7.436756] sd 2:0:0:0: [sda] 83886080 512-byte logical blocks: (42.9 GB/40.0 GiB)
[    7.436928] sd 2:0:1:0: Attached scsi generic sg1 type 0
[    7.440419] sd 2:0:0:0: [sda] Write Protect is off
[    7.441807] sd 2:0:1:0: [sdb] 20480 512-byte logical blocks: (10.5 MB/10.0 MiB)
[    7.443638] sd 2:0:0:0: [sda] Incomplete mode parameter data
[    7.445749] sd 2:0:0:0: [sda] Assuming drive cache: write through
[    7.447255] sd 2:0:1:0: [sdb] Write Protect is off
[    7.449070] sd 2:0:1:0: [sdb] Incomplete mode parameter data
[    7.449215]  sda: sda1
[    7.450487] sd 2:0:1:0: [sdb] Assuming drive cache: write through
[    7.451537] sd 2:0:0:0: [sda] Attached SCSI disk
[    7.456829] sd 2:0:1:0: [sdb] Attached SCSI disk
Begin: Loading essential drivers ... [    8.932158] raid6: sse2x1   gen()  8552 MB/s
[    8.980075] raid6: sse2x1   xor()  5473 MB/s
[    9.028095] raid6: sse2x2   gen() 11066 MB/s
[    9.076103] raid6: sse2x2   xor()  7510 MB/s
[    9.124102] raid6: sse2x4   gen() 11921 MB/s
[    9.172120] raid6: sse2x4   xor()  6935 MB/s
[    9.223967] raid6: avx2x1   gen() 17508 MB/s
[    9.272063] raid6: avx2x1   xor()  9971 MB/s
[    9.320081] raid6: avx2x2   gen() 20682 MB/s
[    9.368086] raid6: avx2x2   xor() 12732 MB/s
[    9.416056] raid6: avx2x4   gen() 22371 MB/s
[    9.464124] raid6: avx2x4   xor() 12527 MB/s
[    9.465895] raid6: using algorithm avx2x4 gen() 22371 MB/s
[    9.467897] raid6: .... xor() 12527 MB/s, rmw enabled
[    9.469777] raid6: using avx2x2 recovery algorithm
[    9.472938] xor: automatically using best checksumming function   avx       
[    9.477426] async_tx: api initialized (async)
done.
Begin: Running /scripts/init-premount ... done.
Begin: Mounting root file system ... Begin: Running /scripts/local-top ... done.
Begin: Running /scripts/local-premount ... [    9.534959] Btrfs loaded, crc32c=crc32c-intel
Scanning for Btrfs filesystems
done.
Warning: fsck not present, so skipping root file system
[    9.573183] EXT4-fs (sda1): mounted filesystem with ordered data mode. Opts: (null)
done.
Begin: Running /scripts/local-bottom ... done.
Begin: Running /scripts/init-bottom ... done.
[    9.748379] ip_tables: (C) 2000-2006 Netfilter Core Team
[    9.757785] systemd[1]: systemd 237 running in system mode. (+PAM +AUDIT +SELINUX +IMA +APPARMOR +SMACK +SYSVINIT +UTMP +LIBCRYPTSETUP +GCRYPT +GNUTLS +ACL +XZ +LZ4 +SECCOMP +BLKID +ELFUTILS +KMOD -IDN2 +IDN -PCRE2 default-hierarchy=hybrid)
[    9.764289] systemd[1]: Detected virtualization oracle.
[    9.765727] systemd[1]: Detected architecture x86-64.

Welcome to [1mUbuntu 18.04.5 LTS[0m!

[    9.772012] systemd[1]: Set hostname to <ubuntu>.
[    9.775969] systemd[1]: Initializing machine ID from random generator.
[    9.777646] systemd[1]: Installed transient /etc/machine-id file.
[   10.053434] systemd[1]: Reached target System Time Synchronized.
[[0;32m  OK  [0m] Reached target System Time Synchronized.
[   10.056322] systemd[1]: Set up automount Arbitrary Executable File Formats File System Automount Point.
[[0;32m  OK  [0m] Set up automount Arbitrary Executab…rmats File System Automount Point.
[   10.060632] systemd[1]: Reached target Swap.
[[0;32m  OK  [0m] Reached target Swap.
[   10.074486] systemd[1]: Created slice User and Session Slice.
[[0;32m  OK  [0m] Created slice User and Session Slice.
[[0;32m  OK  [0m] Created slice System Slice.
[[0;32m  OK  [0m] Listening on udev Control Socket.
[[0;32m  OK  [0m] Listening on Device-mapper event daemon FIFOs.
[[0;32m  OK  [0m] Created slice system-serial\x2dgetty.slice.
[[0;32m  OK  [0m] Listening on Syslog Socket.
[[0;32m  OK  [0m] Listening on LVM2 metadata daemon socket.
[[0;32m  OK  [0m] Listening on Journal Audit Socket.
[[0;32m  OK  [0m] Listening on udev Kernel Socket.
[[0;32m  OK  [0m] Listening on LVM2 poll daemon socket.
[[0;32m  OK  [0m] Reached target User and Group Name Lookups.
[[0;32m  OK  [0m] Started Forward Password Requests to Wall Directory Watch.
[[0;32m  OK  [0m] Listening on /dev/initctl Compatibility Named Pipe.
[[0;32m  OK  [0m] Listening on Network Service Netlink Socket.
[[0;32m  OK  [0m] Listening on Journal Socket (/dev/log).
[[0;32m  OK  [0m] Reached target Slices.
[[0;32m  OK  [0m] Listening on fsck to fsckd communication Socket.
[[0;32m  OK  [0m] Listening on Journal Socket.
         Starting Monitoring of LVM2 mirrors…ng dmeventd or progress polling...
         Mounting Huge Pages File System...
         Mounting Kernel Debug File System...
         Mounting POSIX Message Queue File System...
         Starting Create list of required st…ce nodes for the current kernel...
         Starting Load Kernel Modules...
         Starting Set the console keyboard layout...
         Starting udev Coldplug all Devices...
         Starting File System Check on Root Device...
         Starting Uncomplicated firewall...
         Starting Journal Service...
[[0;32m  OK  [0m] Started Create list of required sta…vice nodes for the current kernel.
[[0;32m  OK  [0m] Started LVM2 metadata daemon.
         Starting Create Static Device Nodes in /dev...
[[0;32m  OK  [0m] Mounted Kernel Debug File System.
[[0;32m  OK  [0m] Mounted Huge Pages File System.
[[0;32m  OK  [0m] Mounted POSIX Message Queue File System.
[   10.189072] Loading iSCSI transport class v2.0-870.
[   10.197539] iscsi: registered transport (tcp)
[[0;32m  OK  [0m] Started File System Check Daemon to report status.
[[0;32m  OK  [0m] Started Uncomplicated firewall.
[[0;32m  OK  [0m] Started Journal Service.
[[0;32m  OK  [0m] Started udev Coldplug all Devices.
[[0;32m  OK  [0m] Started Create Static Device Nodes in /dev.
[   10.316495] iscsi: registered transport (iser)
[[0;32m  OK  [0m] Started File System Check on Root Device.
[[0;32m  OK  [0m] Started Load Kernel Modules.
         Starting Apply Kernel Variables...
         Mounting Kernel Configuration File System...
         Mounting FUSE Control File System...
         Starting Remount Root and Kernel File Systems...
[[0;32m  OK  [0m] Mounted Kernel Configuration File System.
[[0;32m  OK  [0m] Mounted FUSE Control File System.
[[0;32m  OK  [0m] Started Monitoring of LVM2 mirrors,…sing dmeventd or progress polling.
[[0;32m  OK  [0m] Started Apply Kernel Variables.
[[0;32m  OK  [0m] Started Remount Root and Kernel File Systems.
         Starting udev Kernel Device Manager...
         Starting Flush Journal to Persistent Storage...
         Starting Load/Save Random Seed...
[[0;32m  OK  [0m] Started Set the console keyboard layout.
[[0;32m  OK  [0m] Reached target Local File Systems (Pre).
[[0;32m  OK  [0m] Reached target Local File Systems.
         Starting AppArmor initialization...
         Starting ebtables ruleset management...
         Starting Set console font and keymap...
         Starting Tell Plymouth To Write Out Runtime Data...
         Starting Commit a transient machine-id on disk...
[[0;32m  OK  [0m] Started udev Kernel Device Manager.
[[0;32m  OK  [0m] Started Load/Save Random Seed.
[[0;32m  OK  [0m] Started Set console font and keymap.
[[0;32m  OK  [0m] Started Dispatch Password Requests to Console Directory Watch.
[[0;32m  OK  [0m] Reached target Local Encrypted Volumes.
[[0;32m  OK  [0m] Started Tell Plymouth To Write Out Runtime Data.
[[0;32m  OK  [0m] Started Flush Journal to Persistent Storage.
         Starting Create Volatile Files and Directories...
[[0;32m  OK  [0m] Started Commit a transient machine-id on disk.
[[0;32m  OK  [0m] Started Create Volatile Files and Directories.
         Starting Update UTMP about System Boot/Shutdown...
[[0;32m  OK  [0m] Started ebtables ruleset management.
[[0;32m  OK  [0m] Started Update UTMP about System Boot/Shutdown.
[[0;32m  OK  [0m] Found device /dev/ttyS0.
[[0;32m  OK  [0m] Listening on Load/Save RF Kill Switch Status /dev/rfkill Watch.
[[0;32m  OK  [0m] Started AppArmor initialization.
         Starting Initial cloud-init job (pre-networking)...
         Starting Load AppArmor profiles managed internally by snapd...
[[0;32m  OK  [0m] Started Load AppArmor profiles managed internally by snapd.
[   12.884471] cloud-init[563]: Cloud-init v. 21.1-19-gbad84ad4-0ubuntu1~18.04.2 running 'init-local' at Mon, 28 Jun 2021 08:28:43 +0000. Up 12.46 seconds.
[[0;32m  OK  [0m] Started Initial cloud-init job (pre-networking).
[[0;32m  OK  [0m] Reached target Network (Pre).
         Starting Network Service...
[[0;32m  OK  [0m] Started Network Service.
         Starting Wait for Network to be Configured...
         Starting Network Name Resolution...
[[0;32m  OK  [0m] Started Network Name Resolution.
[[0;32m  OK  [0m] Reached target Host and Network Name Lookups.
[[0;32m  OK  [0m] Reached target Network.
[[0;32m  OK  [0m] Started Wait for Network to be Configured.
         Starting Initial cloud-init job (metadata service crawler)...
[   15.418897] cloud-init[690]: Cloud-init v. 21.1-19-gbad84ad4-0ubuntu1~18.04.2 running 'init' at Mon, 28 Jun 2021 08:28:46 +0000. Up 15.25 seconds.
[   15.420869] cloud-init[690]: ci-info: ++++++++++++++++++++++++++++++++++++++Net device info++++++++++++++++++++++++++++++++++++++
[   15.423210] cloud-init[690]: ci-info: +--------+------+----------------------------+---------------+--------+-------------------+
[   15.425661] cloud-init[690]: ci-info: | Device |  Up  |          Address           |      Mask     | Scope  |     Hw-Address    |
[   15.436196] cloud-init[690]: ci-info: +--------+------+----------------------------+---------------+--------+-------------------+
[   15.438604] cloud-init[690]: ci-info: | enp0s3 | True |         10.0.2.15          | 255.255.255.0 | global | 02:98:b0:9b:6c:78 |
[   15.440963] cloud-init[690]: ci-info: | enp0s3 | True | fe80::98:b0ff:fe9b:6c78/64 |       .       |  link  | 02:98:b0:9b:6c:78 |
[   15.452237] cloud-init[690]: ci-info: |   lo   | True |         127.0.0.1          |   255.0.0.0   |  host  |         .         |
[   15.453888] cloud-init[690]: ci-info: |   lo   | True |          ::1/128           |       .       |  host  |         .         |
[   15.464647] cloud-init[690]: ci-info: +--------+------+----------------------------+---------------+--------+-------------------+
[   15.476321] cloud-init[690]: ci-info: ++++++++++++++++++++++++++++Route IPv4 info+++++++++++++++++++++++++++++
[   15.477928] cloud-init[690]: ci-info: +-------+-------------+----------+-----------------+-----------+-------+
[   15.479336] cloud-init[690]: ci-info: | Route | Destination | Gateway  |     Genmask     | Interface | Flags |
[   15.481203] cloud-init[690]: ci-info: +-------+-------------+----------+-----------------+-----------+-------+
[   15.483248] cloud-init[690]: ci-info: |   0   |   0.0.0.0   | 10.0.2.2 |     0.0.0.0     |   enp0s3  |   UG  |
[   15.485272] cloud-init[690]: ci-info: |   1   |   10.0.2.0  | 0.0.0.0  |  255.255.255.0  |   enp0s3  |   U   |
[   15.487376] cloud-init[690]: ci-info: |   2   |   10.0.2.2  | 0.0.0.0  | 255.255.255.255 |   enp0s3  |   UH  |
[   15.489260] cloud-init[690]: ci-info: +-------+-------------+----------+-----------------+-----------+-------+
[   15.491374] cloud-init[690]: ci-info: +++++++++++++++++++Route IPv6 info+++++++++++++++++++
[   15.493441] cloud-init[690]: ci-info: +-------+-------------+---------+-----------+-------+
[   15.495498] cloud-init[690]: ci-info: | Route | Destination | Gateway | Interface | Flags |
[   15.497826] cloud-init[690]: ci-info: +-------+-------------+---------+-----------+-------+
[   15.508205] cloud-init[690]: ci-info: |   1   |  fe80::/64  |    ::   |   enp0s3  |   U   |
[   15.520242] cloud-init[690]: ci-info: |   3   |    local    |    ::   |   enp0s3  |   U   |
[   15.522372] cloud-init[690]: ci-info: |   4   |   ff00::/8  |    ::   |   enp0s3  |   U   |
[   15.524298] cloud-init[690]: ci-info: +-------+-------------+---------+-----------+-------+
[   16.116801] cloud-init[690]: Generating public/private rsa key pair.
[   16.118684] cloud-init[690]: Your identification has been saved in /etc/ssh/ssh_host_rsa_key.
[   16.121321] cloud-init[690]: Your public key has been saved in /etc/ssh/ssh_host_rsa_key.pub.
[   16.123999] cloud-init[690]: The key fingerprint is:
[   16.136414] cloud-init[690]: SHA256:bNvGckYhSi+wMlzlANG159dbz40alParBxy2KFSWsco root@ubuntu-bionic
[   16.138324] cloud-init[690]: The key's randomart image is:
[   16.139098] cloud-init[690]: +---[RSA 2048]----+
[   16.139879] cloud-init[690]: |  o+..o   .o     |
[   16.152238] cloud-init[690]: |    .+ .  +.     |
[   16.153447] cloud-init[690]: |    o + ooo      |
[   16.154385] cloud-init[690]: | . . + B.o oo.   |
[   16.155390] cloud-init[690]: |  + . o.E o+=o.  |
[   16.168376] cloud-init[690]: |   o   o.*.o++ +.|
[   16.169848] cloud-init[690]: |        o.* o.o +|
[   16.180250] cloud-init[690]: |         =   o.. |
[   16.180914] cloud-init[690]: |            oo.  |
[   16.181573] cloud-init[690]: +----[SHA256]-----+
[   16.182284] cloud-init[690]: Generating public/private dsa key pair.
[   16.183361] cloud-init[690]: Your identification has been saved in /etc/ssh/ssh_host_dsa_key.
[   16.184917] cloud-init[690]: Your public key has been saved in /etc/ssh/ssh_host_dsa_key.pub.
[   16.186690] cloud-init[690]: The key fingerprint is:
[   16.187728] cloud-init[690]: SHA256:witvBBjI0M9OjQ8rAS875yPBUtnngdKv8EsKiJlv2CE root@ubuntu-bionic
[   16.189326] cloud-init[690]: The key's randomart image is:
[   16.190472] cloud-init[690]: +---[DSA 1024]----+
[   16.191460] cloud-init[690]: |+o               |
[   16.192873] cloud-init[690]: |o.o              |
[   16.194185] cloud-init[690]: | o O +           |
[   16.195378] cloud-init[690]: |. B @.+          |
[   16.196690] cloud-init[690]: |.+ = Oo.S        |
[   16.197907] cloud-init[690]: |E+= o =o         |
[   16.199015] cloud-init[690]: |BO =oo.          |
[   16.208248] cloud-init[690]: |oo=ooo.          |
[[   16.209196] cloud-init[690]: | oo..o.          |
[   16.209321] cloud-init[690]: +----[SHA256]-----+
[0;32m  OK  [0m] Started Initial cloud-init job (metadata service crawler).
[   16.209448] cloud-init[690]: Generating public/private ecdsa key pair.
[[   16.212353] [0;32m  OK  [0mcloud-init] [690]: Reached target System Initialization.Your identification has been saved in /etc/ssh/ssh_host_ecdsa_key.

[   16.214793] cloud-init[690]: Your public key has been saved in /etc/ssh/ssh_host_ecdsa_key.pub.
[[0;32m  OK  [0m] Started Daily apt download activities.
[   16.215148] cloud-init[690]: The key fingerprint is:
[[   16.218425] cloud-init[690]: SHA256:xGc+oMQqICuiRdILsgFWfEsoUwt0GGEcTUsjaJ81Sl0 root@ubuntu-bionic
[   16.218520] cloud-init[690]: The key's randomart image is:
[0;32m  OK  [0m] Started Ubuntu Advantage update messaging.
[   16.218960] cloud-init[690]: +---[ECDSA 256]---+
[   16.223215] cloud-init[690]: |=X@Bo .E         |
[[0;32m  OK  [0m[   16.236760] ] cloud-initStarted ACPI Events Check.[690]: 
|=B==+B .         |
[   16.237256] cloud-init[690]: |O Bo* = + o      |
         Starting Socket activation for snappy daemon.[   16.248684] 
cloud-init[690]: |oO = + o =       |
[   16.249928] cloud-init[690]: |= + . . S o      |
[[   16.250006] [0;32m  OK  [0mcloud-init] [690]: Listening on ACPID Listen Socket.|+. .       .     |

[[   16.251820] [0;32m  OK  [0mcloud-init] [690]: Started Message of the Day.|.                |

[[   16.253262] cloud-init[690]: |                 |
[   16.253372] cloud-init[690]: |                 |
[0;32m  OK  [0m] Listening on UUID daemon activation socket.
[   16.253733] cloud-init[690]: +----[SHA256]-----+
[[   16.268641] cloud-init[690]: Generating public/private ed25519 key pair.
[   16.268995] cloud-init[690]: Your identification has been saved in /etc/ssh/ssh_host_ed25519_key.
[   16.269124] [0;32m  OK  [0mcloud-init] [690]: Started Daily apt upgrade and clean activities.Your public key has been saved in /etc/ssh/ssh_host_ed25519_key.pub.

[[0;32m  OK  [0m] Started Daily Cleanup of Temporary Directories.
[   16.282044] cloud-init[690]: The key fingerprint is:
[   16.405336] cloud-init[690]: SHA256:9kzkLeyKn/9muxRNMBm2kokFkezfCXNiH0GFm4eXVVk root@ubuntu-bionic
[   16.406900] cloud-init[690]: The key's randomart image is:
[   16.408684]          Starting LXD - unix socket.
cloud-init[690]: +--[ED25519 256]--+
[   16.410292] cloud-init[[0;32m  OK  [0m] Listening on Open-iSCSI iscsid Socket.
[[0;32m  OK  [0m] Reached target Paths.
[[0;32m  OK  [0m] Started Discard unused blocks once a week.
[[0;32m  OK  [0m] Listening on D-Bus System Message Bus Socket.
[[0;32m  OK  [0m] Reached target Timers.
[[0;32m  OK  [0m] Reached target Network is Online.
[690]: |       .o+..*=. E|
[   16.418596] cloud-init         Starting Availability of block devices...
[[0;32m  OK  [0m] Reached target Remote File Systems (Pre).
[[0;32m  OK  [0m] Reached target Remote File Systems.
[[0;32m  OK  [0m] Reached target Cloud-config availability.
[690]: |        oo +++ ..|
[[0;32m  OK  [0m] Listening on Socket activation for snappy daemon.
[[0;32m  OK  [0m] Listening on LXD - unix socket.
[[0;32m  OK  [0m] Reached target Sockets.
[[0;32m  OK  [0m] Reached target Basic System.
         Starting System Logging Service...
[   16.427089] cloud-init[690]: |       .. = .=.o |
[   16.433509] cloud-init[690]: |        .+=o*o+  |
[   16.434430] cloud-init[690]: |        So=Bo=.  |
[   16.435779] cloud-init[690]: |       . =..+.   |
[   16.438450] cloud-init[690]: |          + .    |
[   16.439899] cloud-init[690]: |       . o .o    |
[   16.442205] cloud-init[690]: |      ..+..++o   |
[   16.444189] cloud-init[690]: +----[SHA256]-----+
[[0;32m  OK  [0m] Started Regular background program processing daemon.
         Starting LXD - container startup/shutdown...
[[0;32m  OK  [0m] Started irqbalance daemon.
         Starting Pollinate to seed the pseudo random number generator...
         Starting Virtualbox guest utils...
         Starting Snap Daemon...
[[0;32m  OK  [0m] Started Deferred execution scheduler.
         Starting LSB: Record successful boot for GRUB...
         Starting Login Service...
         Starting Accounts Service...
         Starting Dispatcher daemon for systemd-networkd...
[[0;32m  OK  [0m] Started FUSE filesystem for LXC.
         Starting Permit User Sessions...
         Starting LSB: automatic crash report generation...
[[0;32m  OK  [0m] Started D-Bus System Message Bus.
[[0;32m  OK  [0m] Started Login Service.
[[0;32m  OK  [0m] Started Unattended Upgrades Shutdown.
[[0;32m  OK  [0m] Started System Logging Service.
[[0;32m  OK  [0m] Started Availability of block devices.
[[0;32m  OK  [0m] Started Dispatcher daemon for systemd-networkd.
[[0;32m  OK  [0m] Started LXD - container startup/shutdown.
[[0;32m  OK  [0m] Started Permit User Sessions.
         Starting Hold until boot process finishes up...
         Starting Terminate Plymouth Boot Screen...
[[0;32m  OK  [0m] Started Hold until boot process finishes up.
[[0;32m  OK  [0m] Started Serial Getty on ttyS0.
         Starting Set console scheme...
[[0;32m  OK  [0m] Started Terminate Plymouth Boot Screen.
[[0;32m  OK  [0m] Started LSB: automatic crash report generation.
[[0;32m  OK  [0m] Started Set console scheme.
[[0;32m  OK  [0m] Created slice system-getty.slice.
[[0;32m  OK  [0m] Started Getty on tty1.
[[0;32m  OK  [0m] Reached target Login Prompts.
         Starting Authorization Manager...
[[0;32m  OK  [0m] Started Authorization Manager.
[[0;32m  OK  [0m] Started Accounts Service.
[[0;32m  OK  [0m] Started LSB: Record successful boot for GRUB.
[[0;32m  OK  [0m] Started Virtualbox guest utils.
[[0;32m  OK  [0m] Started Snap Daemon.
         Starting Wait until snapd is fully seeded...
[[0;32m  OK  [0m] Started Pollinate to seed the pseudo random number generator.
         Starting OpenBSD Secure Shell server...
[[0;32m  OK  [0m] Started OpenBSD Secure Shell server.
[[0;32m  OK  [0m] Created slice User Slice of vagrant.
         Starting User Manager for UID 1000...
[[0;32m  OK  [0m] Started Session 1 of user vagrant.
[[0;32m  OK  [0m] Started User Manager for UID 1000.
[[0;32m  OK  [0m] Started Wait until snapd is fully seeded.
[[0;32m  OK  [0m] Reached target Multi-User System.
[[0;32m  OK  [0m] Reached target Graphical Interface.
         Starting Update UTMP about System Runlevel Changes...
         Starting Apply the settings specified in cloud-config...
[[0;32m  OK  [0m] Started Update UTMP about System Runlevel Changes.
[   21.164271] cloud-init[1291]: Cloud-init v. 21.1-19-gbad84ad4-0ubuntu1~18.04.2 running 'modules:config' at Mon, 28 Jun 2021 08:28:52 +0000. Up 20.67 seconds.
[[0;32m  OK  [0m] Started Apply the settings specified in cloud-config.
         Starting Execute cloud user/final scripts...
         Stopping User Manager for UID 1000...
[[0;32m  OK  [0m] Stopped User Manager for UID 1000.
[[0;32m  OK  [0m] Removed slice User Slice of vagrant.
[[0;32m  OK  [0m] Created slice User Slice of vagrant.
         Starting User Manager for UID 1000...
[[0;32m  OK  [0m] Started Session 3 of user vagrant.
[[0;32m  OK  [0m] Started User Manager for UID 1000.
ci-info: no authorized SSH keys fingerprints found for user ubuntu.
<14>Jun 28 08:28:53 ec2: 
<14>Jun 28 08:28:53 ec2: #############################################################
<14>Jun 28 08:28:53 ec2: -----BEGIN SSH HOST KEY FINGERPRINTS-----
<14>Jun 28 08:28:53 ec2: 1024 SHA256:witvBBjI0M9OjQ8rAS875yPBUtnngdKv8EsKiJlv2CE root@ubuntu-bionic (DSA)
<14>Jun 28 08:28:53 ec2: 256 SHA256:xGc+oMQqICuiRdILsgFWfEsoUwt0GGEcTUsjaJ81Sl0 root@ubuntu-bionic (ECDSA)
<14>Jun 28 08:28:53 ec2: 256 SHA256:9kzkLeyKn/9muxRNMBm2kokFkezfCXNiH0GFm4eXVVk root@ubuntu-bionic (ED25519)
<14>Jun 28 08:28:53 ec2: 2048 SHA256:bNvGckYhSi+wMlzlANG159dbz40alParBxy2KFSWsco root@ubuntu-bionic (RSA)
<14>Jun 28 08:28:53 ec2: -----END SSH HOST KEY FINGERPRINTS-----
<14>Jun 28 08:28:53 ec2: #############################################################
-----BEGIN SSH HOST KEY KEYS-----
ecdsa-sha2-nistp256 AAAAE2VjZHNhLXNoYTItbmlzdHAyNTYAAAAIbmlzdHAyNTYAAABBBJaeTkkzvsU/yj/udVPO3rFnN4LGVIHqpwIwBmbRWJtQLevT9F/X3jultHGTTZ2ANcqpT2guPwryY2Jtt+rKsUc= root@ubuntu-bionic
ssh-ed25519 AAAAC3NzaC1lZDI1NTE5AAAAIIbMDt5gquCSlsarkXS0IcTo4Wn8JS85dIuRbG55M0Pu root@ubuntu-bionic
ssh-rsa AAAAB3NzaC1yc2EAAAADAQABAAABAQCkdVMF5KpPlGxa2Aj3Nkp6t4Ou1g0Qn0olGAoW74Iu6xKnJz4pe9RFPzmg7Wv4GC0V6c5jlZbHld8XbN4szO9d4MJy1NRUhDNXO4stUWNRGFU2A2GXFwv6cYXsIkGCwEDn9CyxqD+KMUDcWQroysjo29V+R1dtd8wTMsetXiV2hDGruemlji0aEl4eXhST9BrzI+2M5MZMM/lyXSP+dNeOP1xyuAgOx7yspEC1sfU91CJEHAnBiTdP1uVClUyk1zxhMblJzdSB1J2jlvLGqpdo9HQi9HYnMCwKSEFRR3OXw/AZowbSDNmAl2pnRVnCEI9fLRFJKP+qr8QPNi6sQ9PX root@ubuntu-bionic
-----END SSH HOST KEY KEYS-----
[   21.979088] cloud-init[1497]: Cloud-init v. 21.1-19-gbad84ad4-0ubuntu1~18.04.2 running 'modules:final' at Mon, 28 Jun 2021 08:28:53 +0000. Up 21.79 seconds.
[   21.980983] cloud-init[1497]: ci-info: no authorized SSH keys fingerprints found for user ubuntu.
[   21.982337] cloud-init[1497]: Cloud-init v. 21.1-19-gbad84ad4-0ubuntu1~18.04.2 finished at Mon, 28 Jun 2021 08:28:53 +0000. Datasource DataSourceNoCloud [seed=/dev/sdb][dsmode=net].  Up 21.97 seconds
[[0;32m  OK  [0m] Started Execute cloud user/final scripts.
[[0;32m  OK  [0m] Reached target Cloud-init target.

Ubuntu 18.04.5 LTS ubuntu-bionic ttyS0

ubuntu-bionic login: 